<?xml version="1.0" encoding="UTF-8"?>
<testng-results ignored="0" total="1" passed="1" failed="0" skipped="0">
  <reporter-output>
  </reporter-output>
  <suite started-at="2023-03-19T13:22:23 IST" name="Default suite" finished-at="2023-03-19T13:22:53 IST" duration-ms="29404">
    <groups>
    </groups>
    <test started-at="2023-03-19T13:22:23 IST" name="Default test" finished-at="2023-03-19T13:22:53 IST" duration-ms="29404">
      <class name="com.TestCase.TestCase1">
        <test-method is-config="true" signature="bsConfig()[pri:0, instance:com.TestCase.TestCase1@6adbc9d]" started-at="2023-03-19T13:22:23 IST" name="bsConfig" finished-at="2023-03-19T13:22:23 IST" duration-ms="17" status="PASS">
          <reporter-output>
          </reporter-output>
        </test-method> <!-- bsConfig -->
        <test-method is-config="true" signature="bcConfig()[pri:0, instance:com.TestCase.TestCase1@6adbc9d]" started-at="2023-03-19T13:22:23 IST" name="bcConfig" finished-at="2023-03-19T13:22:51 IST" duration-ms="27943" status="PASS">
          <reporter-output>
          </reporter-output>
        </test-method> <!-- bcConfig -->
        <test-method is-config="true" signature="bmConfig()[pri:0, instance:com.TestCase.TestCase1@6adbc9d]" started-at="2023-03-19T13:22:51 IST" name="bmConfig" finished-at="2023-03-19T13:22:51 IST" duration-ms="1" status="PASS">
          <reporter-output>
          </reporter-output>
        </test-method> <!-- bmConfig -->
        <test-method signature="launchBrowser()[pri:0, instance:com.TestCase.TestCase1@6adbc9d]" started-at="2023-03-19T13:22:51 IST" name="launchBrowser" finished-at="2023-03-19T13:22:51 IST" duration-ms="22" status="PASS">
          <reporter-output>
          </reporter-output>
        </test-method> <!-- launchBrowser -->
        <test-method is-config="true" signature="amConfig()[pri:0, instance:com.TestCase.TestCase1@6adbc9d]" started-at="2023-03-19T13:22:51 IST" name="amConfig" finished-at="2023-03-19T13:22:51 IST" duration-ms="10" status="PASS">
          <reporter-output>
          </reporter-output>
        </test-method> <!-- amConfig -->
        <test-method is-config="true" signature="acConfig()[pri:0, instance:com.TestCase.TestCase1@6adbc9d]" started-at="2023-03-19T13:22:51 IST" name="acConfig" finished-at="2023-03-19T13:22:51 IST" duration-ms="1" status="PASS">
          <reporter-output>
          </reporter-output>
        </test-method> <!-- acConfig -->
        <test-method is-config="true" signature="atConfig()[pri:0, instance:com.TestCase.TestCase1@6adbc9d]" started-at="2023-03-19T13:22:51 IST" name="atConfig" finished-at="2023-03-19T13:22:53 IST" duration-ms="1308" status="PASS">
          <reporter-output>
          </reporter-output>
        </test-method> <!-- atConfig -->
        <test-method is-config="true" signature="asConfig()[pri:0, instance:com.TestCase.TestCase1@6adbc9d]" started-at="2023-03-19T13:22:53 IST" name="asConfig" finished-at="2023-03-19T13:22:53 IST" duration-ms="1" status="PASS">
          <reporter-output>
          </reporter-output>
        </test-method> <!-- asConfig -->
      </class> <!-- com.TestCase.TestCase1 -->
    </test> <!-- Default test -->
  </suite> <!-- Default suite -->
</testng-results>
